--------------------
./configure
Fri May 22 13:43:18 PDT 2020
=== ztest67168.c ===
extern int getchar();
int hello() {return getchar();}
===
gcc -c ztest67168.c
... using gcc

Checking for obsessive-compulsive compiler options...
=== ztest67168.c ===
int foo() { return 0; }
===
gcc -c -O3 ztest67168.c

Checking for shared library support...
=== ztest67168.c ===
extern int getchar();
int hello() {return getchar();}
===
gcc -w -c -O3 -fPIC ztest67168.c
gcc -dynamiclib -install_name ${exec_prefix}/lib/libz.1.dylib -compatibility_version 1 -current_version 1.2.11 -O3 -fPIC -o ztest67168.dylib ztest67168.o
Building shared library libz.1.2.11.dylib with gcc.

=== ztest67168.c ===
#include <stdio.h>
#include <stdlib.h>
size_t dummy = 0;
===
gcc -c -O3 ztest67168.c
Checking for size_t... Yes.


=== ztest67168.c ===
#include <sys/types.h>
off64_t dummy = 0;
===
gcc -c -O3 -D_LARGEFILE64_SOURCE=1 ztest67168.c
ztest67168.c:2:1: error: unknown type name 'off64_t'; did you mean 'off_t'?
off64_t dummy = 0;
^~~~~~~
off_t
/Library/Developer/CommandLineTools/SDKs/MacOSX10.14.sdk/usr/include/sys/_types/_off_t.h:31:33: note: 'off_t' declared here
typedef __darwin_off_t          off_t;
                                ^
1 error generated.
(exit code 1)
Checking for off64_t... No.

=== ztest67168.c ===
#include <stdio.h>
int main(void) {
  fseeko(NULL, 0, 0);
  return 0;
}
===
gcc -O3 -o ztest67168 ztest67168.c
Checking for fseeko... Yes.

=== ztest67168.c ===
#include <string.h>
#include <errno.h>
int main() { return strlen(strerror(errno)); }
===
gcc -O3 -o ztest67168 ztest67168.c
Checking for strerror... Yes.

=== ztest67168.c ===
#include <unistd.h>
int main() { return 0; }
===
gcc -c -O3 ztest67168.c
Checking for unistd.h... Yes.

=== ztest67168.c ===
#include <stdarg.h>
int main() { return 0; }
===
gcc -c -O3 ztest67168.c
Checking for stdarg.h... Yes.

=== ztest67168.c ===
#include <stdio.h>
#include <stdarg.h>
#include "zconf.h"
int main()
{
#ifndef STDC
  choke me
#endif
  return 0;
}
===
gcc -c -O3 ztest67168.c
Checking whether to use vs[n]printf() or s[n]printf()... using vs[n]printf().

=== ztest67168.c ===
#include <stdio.h>
#include <stdarg.h>
int mytest(const char *fmt, ...)
{
  char buf[20];
  va_list ap;
  va_start(ap, fmt);
  vsnprintf(buf, sizeof(buf), fmt, ap);
  va_end(ap);
  return 0;
}
int main()
{
  return (mytest("Hello%d\n", 1));
}
===
gcc -O3 -o ztest67168 ztest67168.c
Checking for vsnprintf() in stdio.h... Yes.

=== ztest67168.c ===
#include <stdio.h>
#include <stdarg.h>
int mytest(const char *fmt, ...)
{
  int n;
  char buf[20];
  va_list ap;
  va_start(ap, fmt);
  n = vsnprintf(buf, sizeof(buf), fmt, ap);
  va_end(ap);
  return n;
}
int main()
{
  return (mytest("Hello%d\n", 1));
}
===
gcc -c -O3 ztest67168.c
Checking for return value of vsnprintf()... Yes.

=== ztest67168.c ===
#define ZLIB_INTERNAL __attribute__((visibility ("hidden")))
int ZLIB_INTERNAL foo;
int main()
{
  return 0;
}
===
gcc -c -O3 ztest67168.c
Checking for attribute(visibility) support... Yes.

ALL = static shared
AR = libtool
ARFLAGS = -o
CC = gcc
CFLAGS = -O3 -DHAVE_HIDDEN
CPP = gcc -E
EXE =
LDCONFIG = ldconfig
LDFLAGS =
LDSHARED = gcc -dynamiclib -install_name ${exec_prefix}/lib/libz.1.dylib -compatibility_version 1 -current_version 1.2.11
LDSHAREDLIBC = -lc
OBJC = $(OBJZ) $(OBJG)
PIC_OBJC = $(PIC_OBJZ) $(PIC_OBJG)
RANLIB = ranlib
SFLAGS = -O3 -fPIC -DHAVE_HIDDEN
SHAREDLIB = libz.dylib
SHAREDLIBM = libz.1.dylib
SHAREDLIBV = libz.1.2.11.dylib
STATICLIB = libz.a
TEST = all teststatic testshared
VER = 1.2.11
Z_U4 =
SRCDIR =
exec_prefix = ${prefix}
includedir = ${prefix}/include
libdir = ${exec_prefix}/lib
mandir = ${prefix}/share/man
prefix = /usr/local
sharedlibdir = ${libdir}
uname = Darwin
--------------------


--------------------
./configure
Fri May 22 23:14:51 PDT 2020
=== ztest79219.c ===
extern int getchar();
int hello() {return getchar();}
===
gcc -c ztest79219.c
... using gcc

Checking for obsessive-compulsive compiler options...
=== ztest79219.c ===
int foo() { return 0; }
===
gcc -c -O3 ztest79219.c

Checking for shared library support...
=== ztest79219.c ===
extern int getchar();
int hello() {return getchar();}
===
gcc -w -c -O3 -fPIC ztest79219.c
gcc -dynamiclib -install_name ${exec_prefix}/lib/libz.1.dylib -compatibility_version 1 -current_version 1.2.11 -O3 -fPIC -o ztest79219.dylib ztest79219.o
Building shared library libz.1.2.11.dylib with gcc.

=== ztest79219.c ===
#include <stdio.h>
#include <stdlib.h>
size_t dummy = 0;
===
gcc -c -O3 ztest79219.c
Checking for size_t... Yes.


=== ztest79219.c ===
#include <sys/types.h>
off64_t dummy = 0;
===
gcc -c -O3 -D_LARGEFILE64_SOURCE=1 ztest79219.c
ztest79219.c:2:1: error: unknown type name 'off64_t'; did you mean 'off_t'?
off64_t dummy = 0;
^~~~~~~
off_t
/Library/Developer/CommandLineTools/SDKs/MacOSX10.14.sdk/usr/include/sys/_types/_off_t.h:31:33: note: 'off_t' declared here
typedef __darwin_off_t          off_t;
                                ^
1 error generated.
(exit code 1)
Checking for off64_t... No.

=== ztest79219.c ===
#include <stdio.h>
int main(void) {
  fseeko(NULL, 0, 0);
  return 0;
}
===
gcc -O3 -o ztest79219 ztest79219.c
Checking for fseeko... Yes.

=== ztest79219.c ===
#include <string.h>
#include <errno.h>
int main() { return strlen(strerror(errno)); }
===
gcc -O3 -o ztest79219 ztest79219.c
Checking for strerror... Yes.

=== ztest79219.c ===
#include <unistd.h>
int main() { return 0; }
===
gcc -c -O3 ztest79219.c
Checking for unistd.h... Yes.

=== ztest79219.c ===
#include <stdarg.h>
int main() { return 0; }
===
gcc -c -O3 ztest79219.c
Checking for stdarg.h... Yes.

=== ztest79219.c ===
#include <stdio.h>
#include <stdarg.h>
#include "zconf.h"
int main()
{
#ifndef STDC
  choke me
#endif
  return 0;
}
===
gcc -c -O3 ztest79219.c
Checking whether to use vs[n]printf() or s[n]printf()... using vs[n]printf().

=== ztest79219.c ===
#include <stdio.h>
#include <stdarg.h>
int mytest(const char *fmt, ...)
{
  char buf[20];
  va_list ap;
  va_start(ap, fmt);
  vsnprintf(buf, sizeof(buf), fmt, ap);
  va_end(ap);
  return 0;
}
int main()
{
  return (mytest("Hello%d\n", 1));
}
===
gcc -O3 -o ztest79219 ztest79219.c
Checking for vsnprintf() in stdio.h... Yes.

=== ztest79219.c ===
#include <stdio.h>
#include <stdarg.h>
int mytest(const char *fmt, ...)
{
  int n;
  char buf[20];
  va_list ap;
  va_start(ap, fmt);
  n = vsnprintf(buf, sizeof(buf), fmt, ap);
  va_end(ap);
  return n;
}
int main()
{
  return (mytest("Hello%d\n", 1));
}
===
gcc -c -O3 ztest79219.c
Checking for return value of vsnprintf()... Yes.

=== ztest79219.c ===
#define ZLIB_INTERNAL __attribute__((visibility ("hidden")))
int ZLIB_INTERNAL foo;
int main()
{
  return 0;
}
===
gcc -c -O3 ztest79219.c
Checking for attribute(visibility) support... Yes.

ALL = static shared
AR = libtool
ARFLAGS = -o
CC = gcc
CFLAGS = -O3 -DHAVE_HIDDEN
CPP = gcc -E
EXE =
LDCONFIG = ldconfig
LDFLAGS =
LDSHARED = gcc -dynamiclib -install_name ${exec_prefix}/lib/libz.1.dylib -compatibility_version 1 -current_version 1.2.11
LDSHAREDLIBC = -lc
OBJC = $(OBJZ) $(OBJG)
PIC_OBJC = $(PIC_OBJZ) $(PIC_OBJG)
RANLIB = ranlib
SFLAGS = -O3 -fPIC -DHAVE_HIDDEN
SHAREDLIB = libz.dylib
SHAREDLIBM = libz.1.dylib
SHAREDLIBV = libz.1.2.11.dylib
STATICLIB = libz.a
TEST = all teststatic testshared
VER = 1.2.11
Z_U4 =
SRCDIR =
exec_prefix = ${prefix}
includedir = ${prefix}/include
libdir = ${exec_prefix}/lib
mandir = ${prefix}/share/man
prefix = /usr/local
sharedlibdir = ${libdir}
uname = Darwin
--------------------


--------------------
./configure
Fri May 22 23:40:50 PDT 2020
=== ztest80880.c ===
extern int getchar();
int hello() {return getchar();}
===
gcc -c ztest80880.c
... using gcc

Checking for obsessive-compulsive compiler options...
=== ztest80880.c ===
int foo() { return 0; }
===
gcc -c -O3 ztest80880.c

Checking for shared library support...
=== ztest80880.c ===
extern int getchar();
int hello() {return getchar();}
===
gcc -w -c -O3 -fPIC ztest80880.c
gcc -dynamiclib -install_name ${exec_prefix}/lib/libz.1.dylib -compatibility_version 1 -current_version 1.2.11 -O3 -fPIC -o ztest80880.dylib ztest80880.o
Building shared library libz.1.2.11.dylib with gcc.

=== ztest80880.c ===
#include <stdio.h>
#include <stdlib.h>
size_t dummy = 0;
===
gcc -c -O3 ztest80880.c
Checking for size_t... Yes.


=== ztest80880.c ===
#include <sys/types.h>
off64_t dummy = 0;
===
gcc -c -O3 -D_LARGEFILE64_SOURCE=1 ztest80880.c
ztest80880.c:2:1: error: unknown type name 'off64_t'; did you mean 'off_t'?
off64_t dummy = 0;
^~~~~~~
off_t
/Library/Developer/CommandLineTools/SDKs/MacOSX10.14.sdk/usr/include/sys/_types/_off_t.h:31:33: note: 'off_t' declared here
typedef __darwin_off_t          off_t;
                                ^
1 error generated.
(exit code 1)
Checking for off64_t... No.

=== ztest80880.c ===
#include <stdio.h>
int main(void) {
  fseeko(NULL, 0, 0);
  return 0;
}
===
gcc -O3 -o ztest80880 ztest80880.c
Checking for fseeko... Yes.

=== ztest80880.c ===
#include <string.h>
#include <errno.h>
int main() { return strlen(strerror(errno)); }
===
gcc -O3 -o ztest80880 ztest80880.c
Checking for strerror... Yes.

=== ztest80880.c ===
#include <unistd.h>
int main() { return 0; }
===
gcc -c -O3 ztest80880.c
Checking for unistd.h... Yes.

=== ztest80880.c ===
#include <stdarg.h>
int main() { return 0; }
===
gcc -c -O3 ztest80880.c
Checking for stdarg.h... Yes.

=== ztest80880.c ===
#include <stdio.h>
#include <stdarg.h>
#include "zconf.h"
int main()
{
#ifndef STDC
  choke me
#endif
  return 0;
}
===
gcc -c -O3 ztest80880.c
Checking whether to use vs[n]printf() or s[n]printf()... using vs[n]printf().

=== ztest80880.c ===
#include <stdio.h>
#include <stdarg.h>
int mytest(const char *fmt, ...)
{
  char buf[20];
  va_list ap;
  va_start(ap, fmt);
  vsnprintf(buf, sizeof(buf), fmt, ap);
  va_end(ap);
  return 0;
}
int main()
{
  return (mytest("Hello%d\n", 1));
}
===
gcc -O3 -o ztest80880 ztest80880.c
Checking for vsnprintf() in stdio.h... Yes.

=== ztest80880.c ===
#include <stdio.h>
#include <stdarg.h>
int mytest(const char *fmt, ...)
{
  int n;
  char buf[20];
  va_list ap;
  va_start(ap, fmt);
  n = vsnprintf(buf, sizeof(buf), fmt, ap);
  va_end(ap);
  return n;
}
int main()
{
  return (mytest("Hello%d\n", 1));
}
===
gcc -c -O3 ztest80880.c
Checking for return value of vsnprintf()... Yes.

=== ztest80880.c ===
#define ZLIB_INTERNAL __attribute__((visibility ("hidden")))
int ZLIB_INTERNAL foo;
int main()
{
  return 0;
}
===
gcc -c -O3 ztest80880.c
Checking for attribute(visibility) support... Yes.

ALL = static shared
AR = libtool
ARFLAGS = -o
CC = gcc
CFLAGS = -O3 -DHAVE_HIDDEN
CPP = gcc -E
EXE =
LDCONFIG = ldconfig
LDFLAGS =
LDSHARED = gcc -dynamiclib -install_name ${exec_prefix}/lib/libz.1.dylib -compatibility_version 1 -current_version 1.2.11
LDSHAREDLIBC = -lc
OBJC = $(OBJZ) $(OBJG)
PIC_OBJC = $(PIC_OBJZ) $(PIC_OBJG)
RANLIB = ranlib
SFLAGS = -O3 -fPIC -DHAVE_HIDDEN
SHAREDLIB = libz.dylib
SHAREDLIBM = libz.1.dylib
SHAREDLIBV = libz.1.2.11.dylib
STATICLIB = libz.a
TEST = all teststatic testshared
VER = 1.2.11
Z_U4 =
SRCDIR =
exec_prefix = ${prefix}
includedir = ${prefix}/include
libdir = ${exec_prefix}/lib
mandir = ${prefix}/share/man
prefix = /usr/local
sharedlibdir = ${libdir}
uname = Darwin
--------------------


--------------------
./configure
Sat May 23 10:58:13 PDT 2020
=== ztest87591.c ===
extern int getchar();
int hello() {return getchar();}
===
gcc -c ztest87591.c
... using gcc

Checking for obsessive-compulsive compiler options...
=== ztest87591.c ===
int foo() { return 0; }
===
gcc -c -O3 ztest87591.c

Checking for shared library support...
=== ztest87591.c ===
extern int getchar();
int hello() {return getchar();}
===
gcc -w -c -O3 -fPIC ztest87591.c
gcc -dynamiclib -install_name ${exec_prefix}/lib/libz.1.dylib -compatibility_version 1 -current_version 1.2.11 -O3 -fPIC -o ztest87591.dylib ztest87591.o
Building shared library libz.1.2.11.dylib with gcc.

=== ztest87591.c ===
#include <stdio.h>
#include <stdlib.h>
size_t dummy = 0;
===
gcc -c -O3 ztest87591.c
Checking for size_t... Yes.


=== ztest87591.c ===
#include <sys/types.h>
off64_t dummy = 0;
===
gcc -c -O3 -D_LARGEFILE64_SOURCE=1 ztest87591.c
ztest87591.c:2:1: error: unknown type name 'off64_t'; did you mean 'off_t'?
off64_t dummy = 0;
^~~~~~~
off_t
/Library/Developer/CommandLineTools/SDKs/MacOSX10.14.sdk/usr/include/sys/_types/_off_t.h:31:33: note: 'off_t' declared here
typedef __darwin_off_t          off_t;
                                ^
1 error generated.
(exit code 1)
Checking for off64_t... No.

=== ztest87591.c ===
#include <stdio.h>
int main(void) {
  fseeko(NULL, 0, 0);
  return 0;
}
===
gcc -O3 -o ztest87591 ztest87591.c
Checking for fseeko... Yes.

=== ztest87591.c ===
#include <string.h>
#include <errno.h>
int main() { return strlen(strerror(errno)); }
===
gcc -O3 -o ztest87591 ztest87591.c
Checking for strerror... Yes.

=== ztest87591.c ===
#include <unistd.h>
int main() { return 0; }
===
gcc -c -O3 ztest87591.c
Checking for unistd.h... Yes.

=== ztest87591.c ===
#include <stdarg.h>
int main() { return 0; }
===
gcc -c -O3 ztest87591.c
Checking for stdarg.h... Yes.

=== ztest87591.c ===
#include <stdio.h>
#include <stdarg.h>
#include "zconf.h"
int main()
{
#ifndef STDC
  choke me
#endif
  return 0;
}
===
gcc -c -O3 ztest87591.c
Checking whether to use vs[n]printf() or s[n]printf()... using vs[n]printf().

=== ztest87591.c ===
#include <stdio.h>
#include <stdarg.h>
int mytest(const char *fmt, ...)
{
  char buf[20];
  va_list ap;
  va_start(ap, fmt);
  vsnprintf(buf, sizeof(buf), fmt, ap);
  va_end(ap);
  return 0;
}
int main()
{
  return (mytest("Hello%d\n", 1));
}
===
gcc -O3 -o ztest87591 ztest87591.c
Checking for vsnprintf() in stdio.h... Yes.

=== ztest87591.c ===
#include <stdio.h>
#include <stdarg.h>
int mytest(const char *fmt, ...)
{
  int n;
  char buf[20];
  va_list ap;
  va_start(ap, fmt);
  n = vsnprintf(buf, sizeof(buf), fmt, ap);
  va_end(ap);
  return n;
}
int main()
{
  return (mytest("Hello%d\n", 1));
}
===
gcc -c -O3 ztest87591.c
Checking for return value of vsnprintf()... Yes.

=== ztest87591.c ===
#define ZLIB_INTERNAL __attribute__((visibility ("hidden")))
int ZLIB_INTERNAL foo;
int main()
{
  return 0;
}
===
gcc -c -O3 ztest87591.c
Checking for attribute(visibility) support... Yes.

ALL = static shared
AR = libtool
ARFLAGS = -o
CC = gcc
CFLAGS = -O3 -DHAVE_HIDDEN
CPP = gcc -E
EXE =
LDCONFIG = ldconfig
LDFLAGS =
LDSHARED = gcc -dynamiclib -install_name ${exec_prefix}/lib/libz.1.dylib -compatibility_version 1 -current_version 1.2.11
LDSHAREDLIBC = -lc
OBJC = $(OBJZ) $(OBJG)
PIC_OBJC = $(PIC_OBJZ) $(PIC_OBJG)
RANLIB = ranlib
SFLAGS = -O3 -fPIC -DHAVE_HIDDEN
SHAREDLIB = libz.dylib
SHAREDLIBM = libz.1.dylib
SHAREDLIBV = libz.1.2.11.dylib
STATICLIB = libz.a
TEST = all teststatic testshared
VER = 1.2.11
Z_U4 =
SRCDIR =
exec_prefix = ${prefix}
includedir = ${prefix}/include
libdir = ${exec_prefix}/lib
mandir = ${prefix}/share/man
prefix = /usr/local
sharedlibdir = ${libdir}
uname = Darwin
--------------------


--------------------
./configure
Sat May 23 18:31:55 PDT 2020
=== ztest98889.c ===
extern int getchar();
int hello() {return getchar();}
===
gcc -c ztest98889.c
... using gcc

Checking for obsessive-compulsive compiler options...
=== ztest98889.c ===
int foo() { return 0; }
===
gcc -c -O3 ztest98889.c

Checking for shared library support...
=== ztest98889.c ===
extern int getchar();
int hello() {return getchar();}
===
gcc -w -c -O3 -fPIC ztest98889.c
gcc -dynamiclib -install_name ${exec_prefix}/lib/libz.1.dylib -compatibility_version 1 -current_version 1.2.11 -O3 -fPIC -o ztest98889.dylib ztest98889.o
Building shared library libz.1.2.11.dylib with gcc.

=== ztest98889.c ===
#include <stdio.h>
#include <stdlib.h>
size_t dummy = 0;
===
gcc -c -O3 ztest98889.c
Checking for size_t... Yes.


=== ztest98889.c ===
#include <sys/types.h>
off64_t dummy = 0;
===
gcc -c -O3 -D_LARGEFILE64_SOURCE=1 ztest98889.c
ztest98889.c:2:1: error: unknown type name 'off64_t'; did you mean 'off_t'?
off64_t dummy = 0;
^~~~~~~
off_t
/Library/Developer/CommandLineTools/SDKs/MacOSX10.14.sdk/usr/include/sys/_types/_off_t.h:31:33: note: 'off_t' declared here
typedef __darwin_off_t          off_t;
                                ^
1 error generated.
(exit code 1)
Checking for off64_t... No.

=== ztest98889.c ===
#include <stdio.h>
int main(void) {
  fseeko(NULL, 0, 0);
  return 0;
}
===
gcc -O3 -o ztest98889 ztest98889.c
Checking for fseeko... Yes.

=== ztest98889.c ===
#include <string.h>
#include <errno.h>
int main() { return strlen(strerror(errno)); }
===
gcc -O3 -o ztest98889 ztest98889.c
Checking for strerror... Yes.

=== ztest98889.c ===
#include <unistd.h>
int main() { return 0; }
===
gcc -c -O3 ztest98889.c
Checking for unistd.h... Yes.

=== ztest98889.c ===
#include <stdarg.h>
int main() { return 0; }
===
gcc -c -O3 ztest98889.c
Checking for stdarg.h... Yes.

=== ztest98889.c ===
#include <stdio.h>
#include <stdarg.h>
#include "zconf.h"
int main()
{
#ifndef STDC
  choke me
#endif
  return 0;
}
===
gcc -c -O3 ztest98889.c
Checking whether to use vs[n]printf() or s[n]printf()... using vs[n]printf().

=== ztest98889.c ===
#include <stdio.h>
#include <stdarg.h>
int mytest(const char *fmt, ...)
{
  char buf[20];
  va_list ap;
  va_start(ap, fmt);
  vsnprintf(buf, sizeof(buf), fmt, ap);
  va_end(ap);
  return 0;
}
int main()
{
  return (mytest("Hello%d\n", 1));
}
===
gcc -O3 -o ztest98889 ztest98889.c
Checking for vsnprintf() in stdio.h... Yes.

=== ztest98889.c ===
#include <stdio.h>
#include <stdarg.h>
int mytest(const char *fmt, ...)
{
  int n;
  char buf[20];
  va_list ap;
  va_start(ap, fmt);
  n = vsnprintf(buf, sizeof(buf), fmt, ap);
  va_end(ap);
  return n;
}
int main()
{
  return (mytest("Hello%d\n", 1));
}
===
gcc -c -O3 ztest98889.c
Checking for return value of vsnprintf()... Yes.

=== ztest98889.c ===
#define ZLIB_INTERNAL __attribute__((visibility ("hidden")))
int ZLIB_INTERNAL foo;
int main()
{
  return 0;
}
===
gcc -c -O3 ztest98889.c
Checking for attribute(visibility) support... Yes.

ALL = static shared
AR = libtool
ARFLAGS = -o
CC = gcc
CFLAGS = -O3 -DHAVE_HIDDEN
CPP = gcc -E
EXE =
LDCONFIG = ldconfig
LDFLAGS =
LDSHARED = gcc -dynamiclib -install_name ${exec_prefix}/lib/libz.1.dylib -compatibility_version 1 -current_version 1.2.11
LDSHAREDLIBC = -lc
OBJC = $(OBJZ) $(OBJG)
PIC_OBJC = $(PIC_OBJZ) $(PIC_OBJG)
RANLIB = ranlib
SFLAGS = -O3 -fPIC -DHAVE_HIDDEN
SHAREDLIB = libz.dylib
SHAREDLIBM = libz.1.dylib
SHAREDLIBV = libz.1.2.11.dylib
STATICLIB = libz.a
TEST = all teststatic testshared
VER = 1.2.11
Z_U4 =
SRCDIR =
exec_prefix = ${prefix}
includedir = ${prefix}/include
libdir = ${exec_prefix}/lib
mandir = ${prefix}/share/man
prefix = /usr/local
sharedlibdir = ${libdir}
uname = Darwin
--------------------


